<?xml version="1.0" encoding="UTF-8"?>
<testsuite xmlns:xsi="http://www.w3.org/2001/XMLSchema-instance" xsi:noNamespaceSchemaLocation="https://maven.apache.org/surefire/maven-surefire-plugin/xsd/surefire-test-report-3.0.xsd" version="3.0" name="RunnerPackage.TestRunnerCustomer360" time="40.812" tests="1" errors="0" skipped="0" failures="0">
  <properties>
[...]
</properties>
  <testcase name="runScenario[&quot;Check loginis successful with valid creds&quot;, &quot;Login page automation of demo app&quot;](1)" classname="RunnerPackage.TestRunnerCustomer360" time="39.931">
    <system-out><![CDATA[
Scenario: Check loginis successful with valid creds                                               # src/test/resources/Feature/Customer360.feature:2
  Given Customer360  baseURL "https://customer360.ekurhuleni.gov.za/Customer360" browser "chrome" # Steps.Customer360Steps.customer360_base_url_browser(java.lang.String,java.lang.String)
  When User enters valid username "JayKay" and passwod "Passw0rd1@" and click login button        # Steps.Customer360Steps.user_enters_valid_username_and_passwod_and_click_login_button(java.lang.String,java.lang.String)
  Then User clicks Apply                                                                          # Steps.Customer360Steps.user_clicks_apply()
  Then User clicks pay                                                                            # Steps.Customer360Steps.user_clicks_pay()
  Then User clicks Find                                                                           # Steps.Customer360Steps.user_clicks_find()
  Then User clicks connect                                                                        # Steps.Customer360Steps.user_clicks_connect()
  Then User clicks search                                                                         # Steps.Customer360Steps.user_clicks_search()
  And User clicks home                                                                            # Steps.Customer360Steps.user_clicks_home()
  Then User select account on drop down list "2201679230 - Comissioner Street"                    # Steps.Customer360Steps.user_select_account_on_drop_down_list(java.lang.String)
  Then User select meter number on drop down list "211086900 - Water Current"                     # Steps.Customer360Steps.user_select_meter_number_on_drop_down_list(java.lang.String)
  And User select start date on the date picker "2022/07/24"                                      # Steps.Customer360Steps.user_select_start_date_on_the_date_picker(java.lang.String)
  And User select end date on the date picker "2023/11/24"                                        # Steps.Customer360Steps.user_select_end_date_on_the_date_picker(java.lang.String)
  And User clicks Show button                                                                     # Steps.Customer360Steps.user_clicks_show_button()
  Then User clicks log out                                                                        # Steps.Customer360Steps.user_clicks_log_out()
  And Good Bye browser                                                                            # Steps.Customer360Steps.good_bye_browser()
]]></system-out>
    <system-err><![CDATA[SLF4J: Failed to load class "org.slf4j.impl.StaticLoggerBinder".
SLF4J: Defaulting to no-operation (NOP) logger implementation
SLF4J: See http://www.slf4j.org/codes.html#StaticLoggerBinder for further details.
Aug 22, 2024 10:48:20 AM org.openqa.selenium.manager.SeleniumManager lambda$runCommand$1
WARNING: The chromedriver version (126.0.6478.182) detected in PATH at C:\Development\Automation\Software\Drivers\WebDrivers\chromedriver.exe might not be compatible with the detected chrome version (127.0.6533.120); currently, chromedriver 127.0.6533.119 is recommended for chrome 127.*, so it is advised to delete the driver in PATH and retry
]]></system-err>
  </testcase>
</testsuite>